<?xml version="1.0" encoding="UTF-8"?>
<testng-results ignored="0" total="1" passed="1" failed="0" skipped="0">
  <reporter-output>
  </reporter-output>
  <suite started-at="2023-11-24T15:06:14 EST" name="Default suite" finished-at="2023-11-24T15:08:13 EST" duration-ms="118362">
    <groups>
    </groups>
    <test started-at="2023-11-24T15:06:14 EST" name="Default test" finished-at="2023-11-24T15:08:13 EST" duration-ms="118362">
      <class name="com.Exercise.testScript.Test_24_TestScript">
        <test-method is-config="true" signature="beforeClass()[pri:0, instance:com.Exercise.testScript.Test_24_TestScript@3954d008]" started-at="2023-11-24T15:06:14 EST" name="beforeClass" finished-at="2023-11-24T15:06:14 EST" duration-ms="30" status="PASS">
          <reporter-output>
          </reporter-output>
        </test-method> <!-- beforeClass -->
        <test-method is-config="true" signature="beforeEachTest()[pri:0, instance:com.Exercise.testScript.Test_24_TestScript@3954d008]" started-at="2023-11-24T15:06:14 EST" name="beforeEachTest" finished-at="2023-11-24T15:06:19 EST" duration-ms="4368" status="PASS">
          <reporter-output>
          </reporter-output>
        </test-method> <!-- beforeEachTest -->
        <test-method signature="downloadInvoiceAfterPurchaseOrser()[pri:0, instance:com.Exercise.testScript.Test_24_TestScript@3954d008]" started-at="2023-11-24T15:06:19 EST" name="downloadInvoiceAfterPurchaseOrser" finished-at="2023-11-24T15:08:10 EST" duration-ms="110909" status="PASS">
          <reporter-output>
          </reporter-output>
        </test-method> <!-- downloadInvoiceAfterPurchaseOrser -->
        <test-method is-config="true" signature="afterEachTest(org.testng.ITestResult)[pri:0, instance:com.Exercise.testScript.Test_24_TestScript@3954d008]" started-at="2023-11-24T15:08:10 EST" name="afterEachTest" finished-at="2023-11-24T15:08:13 EST" duration-ms="2999" status="PASS">
          <params>
            <param index="0">
              <value>
                <![CDATA[[TestResult name=downloadInvoiceAfterPurchaseOrser status=SUCCESS method=Test_24_TestScript.downloadInvoiceAfterPurchaseOrser()[pri:0, instance:com.Exercise.testScript.Test_24_TestScript@3954d008] output={null}]]]>
              </value>
            </param>
          </params>
          <reporter-output>
          </reporter-output>
        </test-method> <!-- afterEachTest -->
        <test-method is-config="true" signature="afterClass()[pri:0, instance:com.Exercise.testScript.Test_24_TestScript@3954d008]" started-at="2023-11-24T15:08:13 EST" name="afterClass" finished-at="2023-11-24T15:08:13 EST" duration-ms="1" status="PASS">
          <reporter-output>
          </reporter-output>
        </test-method> <!-- afterClass -->
      </class> <!-- com.Exercise.testScript.Test_24_TestScript -->
    </test> <!-- Default test -->
  </suite> <!-- Default suite -->
</testng-results>
